<?xml version="1.0" encoding="UTF-8"?>
<!-- Generated by org.testng.reporters.JUnitReportReporter -->
<testsuite hostname="LAPTOP-4U59776V" failures="0" tests="4" name="Day_1.HTTP_Requests" time="4.169" errors="0" timestamp="2024-07-21T13:22:06 IST" skipped="0">
  <testcase classname="Day_1.HTTP_Requests" name="getUsers" time="2.149"/>
  <testcase classname="Day_1.HTTP_Requests" name="createUser" time="1.001"/>
  <testcase classname="Day_1.HTTP_Requests" name="updateUser" time="0.498"/>
  <testcase classname="Day_1.HTTP_Requests" name="deleteUser" time="0.521"/>
</testsuite> <!-- Day_1.HTTP_Requests -->
