<?xml version="1.0" encoding="UTF-8"?>
<!-- Generated by org.testng.reporters.JUnitXMLReporter -->
<testsuite ignored="0" hostname="LAPTOP-4U59776V" failures="0" tests="4" name="Default test" time="4.231" errors="0" timestamp="2024-07-21T13:22:06 IST">
  <testcase classname="Day_1.HTTP_Requests" name="getUsers" time="2.149"/>
  <testcase classname="Day_1.HTTP_Requests" name="createUser" time="1.001"/>
  <testcase classname="Day_1.HTTP_Requests" name="updateUser" time="0.498"/>
  <testcase classname="Day_1.HTTP_Requests" name="deleteUser" time="0.521"/>
</testsuite> <!-- Default test -->
