<?xml version="1.0" encoding="UTF-8"?>
<testng-results ignored="0" total="4" passed="4" failed="0" skipped="0">
  <reporter-output>
  </reporter-output>
  <suite started-at="2024-07-21T13:22:02 IST" name="Default suite" finished-at="2024-07-21T13:22:06 IST" duration-ms="4231">
    <groups>
    </groups>
    <test started-at="2024-07-21T13:22:02 IST" name="Default test" finished-at="2024-07-21T13:22:06 IST" duration-ms="4231">
      <class name="Day_1.HTTP_Requests">
        <test-method signature="getUsers()[pri:1, instance:Day_1.HTTP_Requests@72e5a8e]" started-at="2024-07-21T13:22:02 IST" name="getUsers" finished-at="2024-07-21T13:22:04 IST" duration-ms="2149" status="PASS">
          <reporter-output>
          </reporter-output>
        </test-method> <!-- getUsers -->
        <test-method signature="createUser()[pri:2, instance:Day_1.HTTP_Requests@72e5a8e]" started-at="2024-07-21T13:22:04 IST" name="createUser" finished-at="2024-07-21T13:22:05 IST" duration-ms="1001" status="PASS">
          <reporter-output>
          </reporter-output>
        </test-method> <!-- createUser -->
        <test-method signature="updateUser()[pri:3, instance:Day_1.HTTP_Requests@72e5a8e]" started-at="2024-07-21T13:22:05 IST" name="updateUser" finished-at="2024-07-21T13:22:06 IST" depends-on-methods="Day_1.HTTP_Requests.createUser" duration-ms="498" status="PASS">
          <reporter-output>
          </reporter-output>
        </test-method> <!-- updateUser -->
        <test-method signature="deleteUser()[pri:4, instance:Day_1.HTTP_Requests@72e5a8e]" started-at="2024-07-21T13:22:06 IST" name="deleteUser" finished-at="2024-07-21T13:22:06 IST" duration-ms="521" status="PASS">
          <reporter-output>
          </reporter-output>
        </test-method> <!-- deleteUser -->
      </class> <!-- Day_1.HTTP_Requests -->
    </test> <!-- Default test -->
  </suite> <!-- Default suite -->
</testng-results>
